[debug] [2026-02-07T18:49:31.120Z] ----------------------------------------------------------------------
[debug] [2026-02-07T18:49:31.124Z] Command:       C:\Program Files\nodejs\node.exe C:\Users\ashu_\OneDrive\Desktop\FASAMS\node_modules\firebase-tools\lib\bin\firebase.js emulators:start
[debug] [2026-02-07T18:49:31.125Z] CLI Version:   15.5.1
[debug] [2026-02-07T18:49:31.125Z] Platform:      win32
[debug] [2026-02-07T18:49:31.125Z] Node Version:  v20.12.2
[debug] [2026-02-07T18:49:31.125Z] Time:          Sat Feb 07 2026 13:49:31 GMT-0500 (Eastern Standard Time)
[debug] [2026-02-07T18:49:31.126Z] ----------------------------------------------------------------------
[debug] 
[debug] [2026-02-07T18:49:31.128Z] >>> [apiv2][query] GET https://firebase-public.firebaseio.com/cli.json [none]
[debug] [2026-02-07T18:49:34.000Z] > command requires scopes: ["email","openid","https://www.googleapis.com/auth/cloudplatformprojects.readonly","https://www.googleapis.com/auth/firebase","https://www.googleapis.com/auth/cloud-platform"]
[debug] [2026-02-07T18:49:34.001Z] > authorizing via signed-in user (nnamdiokorafor@gmail.com)
[info] i  emulators: Starting emulators: functions, hosting, extensions {"metadata":{"emulator":{"name":"hub"},"message":"Starting emulators: functions, hosting, extensions"}}
[debug] [2026-02-07T18:49:34.006Z] Checked if tokens are valid: false, expires at: 1770089624688
[debug] [2026-02-07T18:49:34.006Z] Checked if tokens are valid: false, expires at: 1770089624688
[debug] [2026-02-07T18:49:34.006Z] > refreshing access token with scopes: []
[debug] [2026-02-07T18:49:34.007Z] >>> [apiv2][query] POST https://www.googleapis.com/oauth2/v3/token [none]
[debug] [2026-02-07T18:49:34.008Z] >>> [apiv2][body] POST https://www.googleapis.com/oauth2/v3/token [omitted]
[debug] [2026-02-07T18:49:34.144Z] <<< [apiv2][status] POST https://www.googleapis.com/oauth2/v3/token 200
[debug] [2026-02-07T18:49:34.144Z] <<< [apiv2][body] POST https://www.googleapis.com/oauth2/v3/token [omitted]
[debug] [2026-02-07T18:49:34.152Z] >>> [apiv2][query] GET https://cloudresourcemanager.googleapis.com/v1/projects/fasams-9bd35 [none]
[debug] [2026-02-07T18:49:34.169Z] <<< [apiv2][status] GET https://firebase-public.firebaseio.com/cli.json 200
[debug] [2026-02-07T18:49:34.169Z] <<< [apiv2][body] GET https://firebase-public.firebaseio.com/cli.json {"cloudBuildErrorAfter":1594252800000,"cloudBuildWarnAfter":1590019200000,"defaultNode10After":1594252800000,"minVersion":"3.0.5","node8DeploysDisabledAfter":1613390400000,"node8RuntimeDisabledAfter":1615809600000,"node8WarnAfter":1600128000000}
[debug] [2026-02-07T18:49:34.455Z] <<< [apiv2][status] GET https://cloudresourcemanager.googleapis.com/v1/projects/fasams-9bd35 200
[debug] [2026-02-07T18:49:34.455Z] <<< [apiv2][body] GET https://cloudresourcemanager.googleapis.com/v1/projects/fasams-9bd35 {"projectNumber":"1041433592918","projectId":"fasams-9bd35","lifecycleState":"ACTIVE","name":"FASAMS","labels":{"firebase":"enabled","firebase-core":"disabled"},"createTime":"2026-01-31T18:57:17.836239Z"}
[debug] [2026-02-07T18:49:34.466Z] [logging] Logging Emulator only supports listening on one address (127.0.0.1). Not listening on ::1
[debug] [2026-02-07T18:49:34.467Z] [hosting] Hosting Emulator only supports listening on one address (127.0.0.1). Not listening on ::1
[debug] [2026-02-07T18:49:34.467Z] assigned listening specs for emulators {"user":{"hub":[{"address":"127.0.0.1","family":"IPv4","port":4400},{"address":"::1","family":"IPv6","port":4400}],"ui":[{"address":"127.0.0.1","family":"IPv4","port":4000},{"address":"::1","family":"IPv6","port":4000}],"logging":[{"address":"127.0.0.1","family":"IPv4","port":4500}],"hosting":[{"address":"127.0.0.1","family":"IPv4","port":5000}]},"metadata":{"message":"assigned listening specs for emulators"}}
[debug] [2026-02-07T18:49:34.473Z] Write emulator hub locator at C:\Users\ashu_\AppData\Local\Temp\hub-fasams-9bd35.json
[debug] [2026-02-07T18:49:34.483Z] [Extensions] Started Extensions emulator, this is a noop.
[debug] [2026-02-07T18:49:34.490Z] [functions] Functions Emulator only supports listening on one address (127.0.0.1). Not listening on ::1
[debug] [2026-02-07T18:49:34.490Z] [eventarc] Eventarc Emulator only supports listening on one address (127.0.0.1). Not listening on ::1
[debug] [2026-02-07T18:49:34.490Z] [tasks] Cloud Tasks Emulator only supports listening on one address (127.0.0.1). Not listening on ::1
[debug] [2026-02-07T18:49:34.490Z] late-assigned ports for functions and eventarc emulators {"user":{"hub":[{"address":"127.0.0.1","family":"IPv4","port":4400},{"address":"::1","family":"IPv6","port":4400}],"ui":[{"address":"127.0.0.1","family":"IPv4","port":4000},{"address":"::1","family":"IPv6","port":4000}],"logging":[{"address":"127.0.0.1","family":"IPv4","port":4500}],"hosting":[{"address":"127.0.0.1","family":"IPv4","port":5000}],"functions":[{"address":"127.0.0.1","family":"IPv4","port":5001}],"eventarc":[{"address":"127.0.0.1","family":"IPv4","port":9299}],"tasks":[{"address":"127.0.0.1","family":"IPv4","port":9499}]},"metadata":{"message":"late-assigned ports for functions and eventarc emulators"}}
[warn] !  functions: The following emulators are not running, calls to these services from the Functions emulator will affect production: apphosting, auth, firestore, database, pubsub, storage, dataconnect {"metadata":{"emulator":{"name":"functions"},"message":"The following emulators are not running, calls to these services from the Functions emulator will affect production: \u001b[1mapphosting, auth, firestore, database, pubsub, storage, dataconnect\u001b[22m"}}
[debug] [2026-02-07T18:49:34.507Z] defaultcredentials: writing to file C:\Users\ashu_\AppData\Roaming\firebase\nnamdiokorafor_gmail_com_application_default_credentials.json
[debug] [2026-02-07T18:49:34.510Z] Setting GAC to C:\Users\ashu_\AppData\Roaming\firebase\nnamdiokorafor_gmail_com_application_default_credentials.json {"metadata":{"emulator":{"name":"functions"},"message":"Setting GAC to C:\\Users\\ashu_\\AppData\\Roaming\\firebase\\nnamdiokorafor_gmail_com_application_default_credentials.json"}}
[debug] [2026-02-07T18:49:34.511Z] Checked if tokens are valid: true, expires at: 1770493773144
[debug] [2026-02-07T18:49:34.511Z] Checked if tokens are valid: true, expires at: 1770493773144
[debug] [2026-02-07T18:49:34.511Z] >>> [apiv2][query] GET https://firebase.googleapis.com/v1beta1/projects/fasams-9bd35/adminSdkConfig [none]
[debug] [2026-02-07T18:49:34.910Z] <<< [apiv2][status] GET https://firebase.googleapis.com/v1beta1/projects/fasams-9bd35/adminSdkConfig 200
[debug] [2026-02-07T18:49:34.911Z] <<< [apiv2][body] GET https://firebase.googleapis.com/v1beta1/projects/fasams-9bd35/adminSdkConfig {"projectId":"fasams-9bd35","storageBucket":"fasams-9bd35.firebasestorage.app"}
[debug] [2026-02-07T18:49:34.926Z] Checked if tokens are valid: true, expires at: 1770493773144
[debug] [2026-02-07T18:49:34.926Z] Checked if tokens are valid: true, expires at: 1770493773144
[debug] [2026-02-07T18:49:34.926Z] >>> [apiv2][query] GET https://firebasehosting.googleapis.com/v1beta1/projects/fasams-9bd35/sites 
[debug] [2026-02-07T18:49:35.983Z] <<< [apiv2][status] GET https://firebasehosting.googleapis.com/v1beta1/projects/fasams-9bd35/sites 200
[debug] [2026-02-07T18:49:35.984Z] <<< [apiv2][body] GET https://firebasehosting.googleapis.com/v1beta1/projects/fasams-9bd35/sites {"sites":[{"name":"projects/fasams-9bd35/sites/fasams-9bd35","defaultUrl":"https://fasams-9bd35.web.app","type":"DEFAULT_SITE"}]}
[debug] [2026-02-07T18:49:35.984Z] Checked if tokens are valid: true, expires at: 1770493773144
[debug] [2026-02-07T18:49:35.984Z] Checked if tokens are valid: true, expires at: 1770493773144
[debug] [2026-02-07T18:49:35.984Z] >>> [apiv2][query] GET https://firebase.googleapis.com/v1beta1/projects/fasams-9bd35/webApps/-/config [none]
[debug] [2026-02-07T18:49:36.348Z] <<< [apiv2][status] GET https://firebase.googleapis.com/v1beta1/projects/fasams-9bd35/webApps/-/config 200
[debug] [2026-02-07T18:49:36.348Z] <<< [apiv2][body] GET https://firebase.googleapis.com/v1beta1/projects/fasams-9bd35/webApps/-/config {"projectId":"fasams-9bd35","appId":"1:1041433592918:web:8111374e74a6a2986a67f7","storageBucket":"fasams-9bd35.firebasestorage.app","apiKey":"AIzaSyDitYMLF4mC3pjw1-uQdhXB_YHtmw9-hNw","authDomain":"fasams-9bd35.firebaseapp.com","messagingSenderId":"1041433592918","measurementId":"G-QSN9KBQDEP","projectNumber":"1041433592918","version":"2"}
[debug] [2026-02-07T18:49:36.353Z] Checked if tokens are valid: true, expires at: 1770493773144
[debug] [2026-02-07T18:49:36.353Z] Checked if tokens are valid: true, expires at: 1770493773144
[debug] [2026-02-07T18:49:36.353Z] >>> [apiv2][query] GET https://firebase.googleapis.com/v1beta1/projects/fasams-9bd35 [none]
[debug] [2026-02-07T18:49:36.633Z] <<< [apiv2][status] GET https://firebase.googleapis.com/v1beta1/projects/fasams-9bd35 200
[debug] [2026-02-07T18:49:36.634Z] <<< [apiv2][body] GET https://firebase.googleapis.com/v1beta1/projects/fasams-9bd35 {"projectId":"fasams-9bd35","projectNumber":"1041433592918","displayName":"FASAMS","name":"projects/fasams-9bd35","resources":{"hostingSite":"fasams-9bd35"},"state":"ACTIVE","etag":"1_0a04d61b-1ba6-4571-b3bc-1784cbda8732"}
[info] i  hosting[fasams-9bd35]: Serving hosting files from: fasams-validator/dist {"metadata":{"emulator":{"name":"hosting"},"message":"Serving hosting files from: \u001b[1mfasams-validator/dist\u001b[22m"}}
[info] +  hosting[fasams-9bd35]: Local server: http://127.0.0.1:5000 {"metadata":{"emulator":{"name":"hosting"},"message":"Local server: \u001b[4m\u001b[1mhttp://127.0.0.1:5000\u001b[22m\u001b[24m"}}
[debug] [2026-02-07T18:49:36.660Z] [Extensions] Connecting Extensions emulator, this is a noop.
[info] i  functions: Watching "C:\Users\ashu_\OneDrive\Desktop\FASAMS\functions" for Cloud Functions... {"metadata":{"emulator":{"name":"functions"},"message":"Watching \"C:\\Users\\ashu_\\OneDrive\\Desktop\\FASAMS\\functions\" for Cloud Functions..."}}
[debug] [2026-02-07T18:49:36.666Z] Validating nodejs source
[warn] !  functions: package.json indicates an outdated version of firebase-functions. Please upgrade using npm install --save firebase-functions@latest in your functions directory. 
[warn] !  functions: Please note that there will be breaking changes when you upgrade. 
[debug] [2026-02-07T18:49:38.594Z] > [functions] package.json contents: {
  "name": "functions",
  "description": "Cloud Functions for FASAMS Validator",
  "scripts": {
    "serve": "firebase emulators:start --only functions",
    "shell": "firebase functions:shell",
    "start": "npm run shell",
    "deploy": "firebase deploy --only functions",
    "logs": "firebase functions:log"
  },
  "engines": {
    "node": "20"
  },
  "main": "index.js",
  "dependencies": {
    "@google/generative-ai": "^0.1.0",
    "cors": "^2.8.5",
    "dotenv": "^17.2.3",
    "firebase-admin": "^12.0.0",
    "firebase-functions": "^5.0.0"
  },
  "private": true
}
[debug] [2026-02-07T18:49:38.595Z] Building nodejs source
[debug] [2026-02-07T18:49:38.595Z] Failed to find version of module node: reached end of search path C:\Users\ashu_\OneDrive\Desktop\FASAMS\functions\node_modules
[info] +  functions: Using node@20 from host. 
[info] i  functions: Loaded environment variables from .env. 
[debug] [2026-02-07T18:49:38.601Z] Could not find functions.yaml. Must use http discovery
[debug] [2026-02-07T18:49:38.615Z] Found firebase-functions binary at 'C:\Users\ashu_\OneDrive\Desktop\FASAMS\functions\node_modules\.bin\firebase-functions'
[info] Serving at port 8088

[info] [dotenv@17.2.3] injecting env (1) from .env -- tip: ⚙️  enable debug logging with { debug: true }

[debug] [2026-02-07T18:49:39.794Z] Got response from /__/functions.yaml {"endpoints":{"repairCsvData":{"platform":"gcfv1","labels":{},"availableMemoryMb":null,"timeoutSeconds":null,"minInstances":null,"maxInstances":null,"ingressSettings":null,"serviceAccountEmail":null,"vpc":null,"callableTrigger":{},"entryPoint":"repairCsvData"}},"specVersion":"v1alpha1","requiredAPIs":[],"extensions":{}}
[debug] [2026-02-07T18:49:44.829Z] defaultcredentials: writing to file C:\Users\ashu_\AppData\Roaming\firebase\nnamdiokorafor_gmail_com_application_default_credentials.json
[debug] [2026-02-07T18:49:44.830Z] Setting GAC to C:\Users\ashu_\AppData\Roaming\firebase\nnamdiokorafor_gmail_com_application_default_credentials.json {"metadata":{"emulator":{"name":"functions"},"message":"Setting GAC to C:\\Users\\ashu_\\AppData\\Roaming\\firebase\\nnamdiokorafor_gmail_com_application_default_credentials.json"}}
[info] +  functions: Loaded functions definitions from source: repairCsvData. {"metadata":{"emulator":{"name":"functions"},"message":"Loaded functions definitions from source: repairCsvData."}}
[info] +  functions[us-central1-repairCsvData]: http function initialized (http://127.0.0.1:5001/fasams-9bd35/us-central1/repairCsvData). {"metadata":{"emulator":{"name":"functions"},"message":"\u001b[1mhttp\u001b[22m function initialized (http://127.0.0.1:5001/fasams-9bd35/us-central1/repairCsvData)."}}
[debug] [2026-02-07T18:49:44.842Z] Could not find VSCode notification endpoint: FetchError: request to http://localhost:40001/vscode/notify failed, reason: . If you are not running the Firebase Data Connect VSCode extension, this is expected and not an issue.
[info] 
┌─────────────────────────────────────────────────────────────┐
│ ✔  All emulators ready! It is now safe to connect your app. │
│ i  View Emulator UI at http://127.0.0.1:4000/               │
└─────────────────────────────────────────────────────────────┘

┌────────────┬────────────────┬──────────────────────────────────┐
│ Emulator   │ Host:Port      │ View in Emulator UI              │
├────────────┼────────────────┼──────────────────────────────────┤
│ Functions  │ 127.0.0.1:5001 │ http://127.0.0.1:4000/functions  │
├────────────┼────────────────┼──────────────────────────────────┤
│ Hosting    │ 127.0.0.1:5000 │ n/a                              │
├────────────┼────────────────┼──────────────────────────────────┤
│ Extensions │ 127.0.0.1:5001 │ http://127.0.0.1:4000/extensions │
└────────────┴────────────────┴──────────────────────────────────┘
  Emulator Hub host: 127.0.0.1 port: 4400
  Other reserved ports: 4500
┌─────────────────────────┬───────────────┬─────────────────────┐
│ Extension Instance Name │ Extension Ref │ View in Emulator UI │
└─────────────────────────┴───────────────┴─────────────────────┘
Issues? Report them at https://github.com/firebase/firebase-tools/issues and attach the *-debug.log files.
 
[debug] [2026-02-07T19:06:32.044Z] File C:\Users\ashu_\OneDrive\Desktop\FASAMS\functions\index.js changed, reloading triggers {"metadata":{"emulator":{"name":"functions"},"message":"File C:\\Users\\ashu_\\OneDrive\\Desktop\\FASAMS\\functions\\index.js changed, reloading triggers"}}
[debug] [2026-02-07T19:06:33.051Z] Validating nodejs source
[warn] !  functions: package.json indicates an outdated version of firebase-functions. Please upgrade using npm install --save firebase-functions@latest in your functions directory. 
[warn] !  functions: Please note that there will be breaking changes when you upgrade. 
[debug] [2026-02-07T19:06:34.884Z] > [functions] package.json contents: {
  "name": "functions",
  "description": "Cloud Functions for FASAMS Validator",
  "scripts": {
    "serve": "firebase emulators:start --only functions",
    "shell": "firebase functions:shell",
    "start": "npm run shell",
    "deploy": "firebase deploy --only functions",
    "logs": "firebase functions:log"
  },
  "engines": {
    "node": "20"
  },
  "main": "index.js",
  "dependencies": {
    "@google/generative-ai": "^0.1.0",
    "cors": "^2.8.5",
    "dotenv": "^17.2.3",
    "firebase-admin": "^12.0.0",
    "firebase-functions": "^5.0.0"
  },
  "private": true
}
[debug] [2026-02-07T19:06:34.884Z] Building nodejs source
[debug] [2026-02-07T19:06:34.884Z] Failed to find version of module node: reached end of search path C:\Users\ashu_\OneDrive\Desktop\FASAMS\functions\node_modules
[info] +  functions: Using node@20 from host. 
[info] i  functions: Loaded environment variables from .env. 
[debug] [2026-02-07T19:06:34.886Z] Could not find functions.yaml. Must use http discovery
[debug] [2026-02-07T19:06:34.893Z] Found firebase-functions binary at 'C:\Users\ashu_\OneDrive\Desktop\FASAMS\functions\node_modules\.bin\firebase-functions'
[info] Serving at port 8731

[info] [dotenv@17.2.3] injecting env (1) from .env -- tip: ⚙️  override existing env vars with { override: true }

[debug] [2026-02-07T19:06:35.484Z] Got response from /__/functions.yaml {"endpoints":{"repairCsvData":{"platform":"gcfv1","labels":{},"availableMemoryMb":null,"timeoutSeconds":null,"minInstances":null,"maxInstances":null,"ingressSettings":null,"serviceAccountEmail":null,"vpc":null,"callableTrigger":{},"entryPoint":"repairCsvData"}},"specVersion":"v1alpha1","requiredAPIs":[],"extensions":{}}
[debug] [2026-02-07T19:06:40.513Z] defaultcredentials: writing to file C:\Users\ashu_\AppData\Roaming\firebase\nnamdiokorafor_gmail_com_application_default_credentials.json
[debug] [2026-02-07T19:06:40.514Z] Setting GAC to C:\Users\ashu_\AppData\Roaming\firebase\nnamdiokorafor_gmail_com_application_default_credentials.json {"metadata":{"emulator":{"name":"functions"},"message":"Setting GAC to C:\\Users\\ashu_\\AppData\\Roaming\\firebase\\nnamdiokorafor_gmail_com_application_default_credentials.json"}}
[info] +  functions: Loaded functions definitions from source: repairCsvData. {"metadata":{"emulator":{"name":"functions"},"message":"Loaded functions definitions from source: repairCsvData."}}
